[appspyacesso.online/new2/index.html]
[backblue.gif]
[fade.gif]
[index.html]
[appspyacesso.online/new2/arquivos/favicon.ico]
[appspyacesso.online/new2/images/Whatsapp Icon.png]
[appspyacesso.online/new2/images/img1.jpg]
[appspyacesso.online/new2/images/8.jpg]
[appspyacesso.online/new2/images/like.png]
[appspyacesso.online/new2/images/love.png]
[appspyacesso.online/new2/images/4.jpg]
[appspyacesso.online/new2/images/0(1).jpg]
[appspyacesso.online/new2/images/0.jpg]
[appspyacesso.online/new2/images/20.jpg]
[appspyacesso.online/new2/images/6.jpg]
[appspyacesso.online/new2/images/4(1).jpg]
[appspyacesso.online/new2/images/5.jpg]
[appspyacesso.online/new2/images/0(2).jpg]
[appspyacesso.online/new2/images/12.jpg]
[appspyacesso.online/new2/politica-de-privacidade/index.html]
[appspyacesso.online/new2/termos/index.html]
[appspyacesso.online/new2/js/jquery-3.5.1.min.js]
[appspyacesso.online/new2/js/jquery.inputmask.min.js]
[appspyacesso.online/new2/js/popper.min.js]
[appspyacesso.online/new2/js/bootstrap.min.js]
[appspyacesso.online/code.jquery.com/jquery-latest.min.js]
[appspyacesso.online/new2/js/jquery.mask.min.js]
[appspyacesso.online/new2/js/scripts.js]
[appspyacesso.online/new2/js/moment.min.js]
[appspyacesso.online/new2/js/pt-br.js]
[appspyacesso.online/cdnjs.cloudflare.com/ajax/libs/jquery-validate/1.16.0/jquery.validate.min.js]
[appspyacesso.online/new2/index.html]
[appspyacesso.online/new2/css/bootstrap.min.css]
[appspyacesso.online/new2/arquivos/favicon.html]
[appspyacesso.online/new2/fonts/memvYaGs126MiZpBA-UvWbX2vVnXBbObj2OVTS-mu0SC55I.woff2]
[appspyacesso.online/new2/fonts/KFOmCnqEu92Fr1Mu4mxKKTU1Kg.woff2]
[appspyacesso.online/new2/fonts/KFOlCnqEu92Fr1MmWUlfBBc4AMP6lQ.woff2]
[appspyacesso.online/new2/css/estilo.css]
[appspyacesso.online/new2/images/flag-of-brasil.svg]
[appspyacesso.online/new2/images/android.svg]
[appspyacesso.online/new2/images/iphone.svg]
[appspyacesso.online/new2/images/mac-or-windows.svg]
[appspyacesso.online/new2/images/windows-phone.svg]
[appspyacesso.online/new2/politica-de-privacidade/index.html]
[appspyacesso.online/new2/termos/index.html]
[appspyacesso.online/new2/js/jquery-3.5.1.min.html]
[appspyacesso.online/new2/js/jquery.inputmask.min.html]
[appspyacesso.online/new2/js/popper.min.html]
[appspyacesso.online/new2/js/bootstrap.min.html]
[appspyacesso.online/code.jquery.com/jquery-latest.min.html]
[appspyacesso.online/new2/js/jquery.mask.min.html]
[appspyacesso.online/new2/js/scripts.html]
[appspyacesso.online/cdnjs.cloudflare.com/ajax/libs/jquery-validate/1.16.0/jquery.validate.min.html]
